<?xml version="1.0" encoding="UTF-8"?>
<testng-results skipped="0" failed="0" total="1" passed="1">
  <reporter-output>
  </reporter-output>
  <suite name="Default suite" duration-ms="61363" started-at="2019-03-22T10:47:12Z" finished-at="2019-03-22T10:48:13Z">
    <groups>
    </groups>
    <test name="Default test" duration-ms="61363" started-at="2019-03-22T10:47:12Z" finished-at="2019-03-22T10:48:13Z">
      <class name="gerer_les_QCM.Chercher_un_QCM_succes">
        <test-method status="PASS" signature="beforeClass()[pri:0, instance:gerer_les_QCM.Chercher_un_QCM_succes@735b5592]" name="beforeClass" is-config="true" duration-ms="6644" started-at="2019-03-22T11:47:12Z" finished-at="2019-03-22T11:47:18Z">
          <reporter-output>
          </reporter-output>
        </test-method> <!-- beforeClass -->
        <test-method status="PASS" signature="searchQuiz()[pri:0, instance:gerer_les_QCM.Chercher_un_QCM_succes@735b5592]" name="searchQuiz" duration-ms="54355" started-at="2019-03-22T11:47:18Z" finished-at="2019-03-22T11:48:13Z">
          <reporter-output>
          </reporter-output>
        </test-method> <!-- searchQuiz -->
        <test-method status="PASS" signature="afterClass()[pri:0, instance:gerer_les_QCM.Chercher_un_QCM_succes@735b5592]" name="afterClass" is-config="true" duration-ms="350" started-at="2019-03-22T11:48:13Z" finished-at="2019-03-22T11:48:13Z">
          <reporter-output>
          </reporter-output>
        </test-method> <!-- afterClass -->
      </class> <!-- gerer_les_QCM.Chercher_un_QCM_succes -->
    </test> <!-- Default test -->
  </suite> <!-- Default suite -->
</testng-results>
